2025-09-08 14:48:11,753 - [31m[1mWARNING: This is a development server. Do not use it in a production deployment. Use a production WSGI server instead.[0m
 * Running on http://127.0.0.1:5000
2025-09-08 14:48:11,754 - [33mPress CTRL+C to quit[0m
2025-09-08 14:48:24,677 - [31m[1mWARNING: This is a development server. Do not use it in a production deployment. Use a production WSGI server instead.[0m
 * Running on http://127.0.0.1:5000
2025-09-08 14:48:24,677 - [33mPress CTRL+C to quit[0m
2025-09-08 14:48:34,285 - 127.0.0.1 - - [08/Sep/2025 14:48:34] "GET / HTTP/1.1" 200 -
2025-09-08 14:48:35,268 - 127.0.0.1 - - [08/Sep/2025 14:48:35] "GET /video HTTP/1.1" 200 -
2025-09-08 14:48:38,262 - Detected phone (0.27) at [335,6,638,402]
2025-09-08 14:48:38,776 - Detected calculator (0.30) at [9,0,638,480]
2025-09-08 14:48:38,877 - Detected calculator (0.48) at [7,0,639,480]
2025-09-08 14:48:38,975 - Detected calculator (0.36) at [341,2,638,477]
2025-09-08 14:48:39,081 - Detected calculator (0.36) at [323,2,639,480]
2025-09-08 14:48:39,186 - Detected calculator (0.34) at [308,2,640,480]
2025-09-08 14:48:39,284 - Detected calculator (0.30) at [311,2,640,480]
2025-09-08 14:48:40,296 - Detected calculator (0.28) at [313,2,640,479]
2025-09-08 14:48:40,395 - Detected calculator (0.38) at [331,3,639,478]
2025-09-08 14:48:40,496 - Detected calculator (0.35) at [344,2,638,477]
2025-09-08 14:48:40,599 - Detected calculator (0.50) at [6,0,638,480]
2025-09-08 14:48:41,498 - Detected watch (0.26) at [417,308,579,417]
2025-09-08 14:48:46,946 - Detected watch (0.26) at [550,183,638,454]
2025-09-08 14:48:48,140 - Detected watch (0.33) at [219,234,369,478]
2025-09-08 14:48:48,339 - Detected watch (0.39) at [227,230,376,476]
2025-09-08 14:48:48,455 - Detected watch (0.27) at [246,234,382,478]
2025-09-08 14:48:48,456 - Detected calculator (0.25) at [240,225,376,478]
2025-09-08 14:48:48,677 - Detected calculator (0.45) at [257,236,387,476]
2025-09-08 14:48:49,383 - Detected watch (0.29) at [285,237,429,477]
2025-09-08 14:48:49,483 - Detected calculator (0.31) at [269,236,419,480]
2025-09-08 14:48:49,583 - Detected watch (0.28) at [266,235,410,478]
2025-09-08 14:48:49,681 - Detected calculator (0.34) at [265,238,411,480]
2025-09-08 14:48:49,778 - Detected calculator (0.36) at [264,244,411,479]
2025-09-08 14:48:49,779 - Detected watch (0.26) at [266,246,407,476]
2025-09-08 14:48:49,779 - Detected calculator (0.26) at [366,8,639,387]
2025-09-08 14:48:49,877 - Detected calculator (0.32) at [265,243,415,480]
2025-09-08 14:48:49,877 - Detected watch (0.29) at [268,245,412,477]
2025-09-08 14:48:49,877 - Detected calculator (0.26) at [365,7,639,388]
2025-09-08 14:48:49,974 - Detected calculator (0.44) at [266,240,413,480]
2025-09-08 14:48:49,974 - Detected calculator (0.32) at [367,6,638,387]
2025-09-08 14:48:50,075 - Detected calculator (0.43) at [267,242,414,480]
2025-09-08 14:48:50,177 - Detected calculator (0.40) at [267,235,414,479]
2025-09-08 14:48:50,177 - Detected calculator (0.29) at [365,6,639,391]
2025-09-08 14:48:50,275 - Detected calculator (0.41) at [267,237,414,479]
2025-09-08 14:48:50,275 - Detected calculator (0.26) at [366,6,639,392]
2025-09-08 14:48:50,377 - Detected calculator (0.42) at [266,239,415,480]
2025-09-08 14:48:50,377 - Detected calculator (0.28) at [366,8,639,387]
2025-09-08 14:48:50,481 - Detected calculator (0.43) at [267,236,416,480]
2025-09-08 14:48:50,481 - Detected calculator (0.30) at [368,6,639,391]
2025-09-08 14:48:50,584 - Detected calculator (0.46) at [267,237,416,480]
2025-09-08 14:48:50,584 - Detected calculator (0.30) at [366,6,639,390]
2025-09-08 14:48:50,685 - Detected calculator (0.39) at [266,234,411,480]
2025-09-08 14:48:50,685 - Detected calculator (0.29) at [363,6,639,387]
2025-09-08 14:48:50,785 - Detected calculator (0.44) at [266,234,411,480]
2025-09-08 14:48:50,785 - Detected calculator (0.28) at [363,7,639,386]
2025-09-08 14:48:50,890 - Detected calculator (0.45) at [264,224,408,479]
2025-09-08 14:48:50,890 - Detected calculator (0.32) at [363,7,639,387]
2025-09-08 14:48:51,000 - Detected calculator (0.37) at [264,233,406,480]
2025-09-08 14:48:51,000 - Detected calculator (0.27) at [363,6,639,386]
2025-09-08 14:48:51,108 - Detected calculator (0.35) at [265,234,409,480]
2025-09-08 14:48:51,108 - Detected calculator (0.30) at [364,7,639,388]
2025-09-08 14:48:51,109 - Detected watch (0.27) at [267,237,408,478]
2025-09-08 14:48:51,210 - Detected calculator (0.41) at [266,236,407,480]
2025-09-08 14:48:51,210 - Detected calculator (0.31) at [364,7,639,387]
2025-09-08 14:48:51,313 - Detected calculator (0.37) at [265,231,408,479]
2025-09-08 14:48:51,313 - Detected calculator (0.27) at [365,7,639,388]
2025-09-08 14:48:51,414 - Detected calculator (0.36) at [264,232,410,480]
2025-09-08 14:48:51,414 - Detected calculator (0.28) at [364,6,639,386]
2025-09-08 14:48:51,414 - Detected watch (0.27) at [267,233,410,477]
2025-09-08 14:48:51,519 - Detected calculator (0.36) at [264,232,408,479]
2025-09-08 14:48:51,519 - Detected watch (0.27) at [267,233,409,477]
2025-09-08 14:48:51,623 - Detected watch (0.29) at [269,234,411,477]
2025-09-08 14:48:51,623 - Detected calculator (0.28) at [266,233,409,480]
2025-09-08 14:48:51,730 - Detected calculator (0.37) at [262,224,406,479]
2025-09-08 14:48:51,834 - Detected calculator (0.34) at [258,231,403,480]
2025-09-08 14:48:51,942 - Detected calculator (0.40) at [257,224,396,479]
2025-09-08 14:48:51,942 - Detected calculator (0.26) at [365,8,639,386]
2025-09-08 14:48:52,053 - Detected calculator (0.28) at [259,227,403,479]
2025-09-08 14:48:52,053 - Detected watch (0.28) at [260,218,413,479]
2025-09-08 14:48:52,053 - Detected watch (0.27) at [262,225,413,478]
2025-09-08 14:48:52,054 - Detected watch (0.26) at [262,229,406,477]
2025-09-08 14:48:52,162 - Detected calculator (0.36) at [261,221,403,479]
2025-09-08 14:48:52,269 - Detected watch (0.28) at [260,217,406,479]
2025-09-08 14:48:52,269 - Detected calculator (0.26) at [257,224,397,479]
2025-09-08 14:48:52,371 - Detected calculator (0.34) at [253,222,389,480]
2025-09-08 14:48:52,371 - Detected watch (0.25) at [259,226,402,477]
2025-09-08 14:48:52,470 - Detected calculator (0.31) at [254,227,388,480]
2025-09-08 14:48:52,572 - Detected calculator (0.31) at [252,227,387,480]
2025-09-08 14:48:52,674 - Detected calculator (0.35) at [249,226,384,480]
2025-09-08 14:48:52,777 - Detected calculator (0.35) at [250,222,384,480]
2025-09-08 14:48:52,801 - 127.0.0.1 - - [08/Sep/2025 14:48:52] "GET /log HTTP/1.1" 200 -
2025-09-08 14:48:52,924 - Detected calculator (0.32) at [250,223,384,479]
2025-09-08 14:48:52,943 - 127.0.0.1 - - [08/Sep/2025 14:48:52] "GET /log_stream HTTP/1.1" 200 -
2025-09-08 14:48:54,978 - 127.0.0.1 - - [08/Sep/2025 14:48:54] "GET / HTTP/1.1" 200 -
2025-09-08 14:48:55,156 - Detected calculator (0.32) at [248,224,383,480]
2025-09-08 14:48:55,158 - 127.0.0.1 - - [08/Sep/2025 14:48:55] "GET /video HTTP/1.1" 200 -
2025-09-08 14:48:55,268 - Detected calculator (0.30) at [246,225,383,480]
2025-09-08 14:48:55,268 - Detected watch (0.27) at [252,231,387,476]
2025-09-08 14:48:55,388 - Detected calculator (0.33) at [245,224,383,480]
2025-09-08 14:48:55,388 - Detected watch (0.26) at [248,231,387,478]
2025-09-08 14:48:55,505 - Detected calculator (0.34) at [245,221,382,479]
2025-09-08 14:48:55,618 - Detected calculator (0.44) at [226,215,363,478]
2025-09-08 14:48:55,728 - Detected calculator (0.40) at [228,216,364,476]
2025-09-08 14:48:55,829 - Detected calculator (0.42) at [226,214,364,478]
2025-09-08 14:48:55,933 - Detected calculator (0.43) at [226,216,362,478]
2025-09-08 14:48:56,038 - Detected watch (0.27) at [230,218,364,480]
2025-09-08 14:48:56,137 - Detected watch (0.27) at [228,219,363,471]
2025-09-08 14:48:56,240 - Detected calculator (0.43) at [230,214,364,459]
2025-09-08 14:48:56,341 - Detected calculator (0.41) at [230,213,366,473]
2025-09-08 14:48:56,449 - Detected calculator (0.37) at [231,213,366,474]
2025-09-08 14:48:56,563 - Detected calculator (0.41) at [235,214,366,474]
2025-09-08 14:48:56,668 - Detected watch (0.36) at [236,220,378,475]
2025-09-08 14:50:16,501 - [31m[1mWARNING: This is a development server. Do not use it in a production deployment. Use a production WSGI server instead.[0m
 * Running on http://127.0.0.1:5000
2025-09-08 14:50:16,501 - [33mPress CTRL+C to quit[0m
2025-09-08 14:50:20,578 - 127.0.0.1 - - [08/Sep/2025 14:50:20] "GET / HTTP/1.1" 200 -
2025-09-08 14:50:21,570 - 127.0.0.1 - - [08/Sep/2025 14:50:21] "GET /video HTTP/1.1" 200 -
2025-09-08 14:50:21,640 - 127.0.0.1 - - [08/Sep/2025 14:50:21] "GET /log_stream HTTP/1.1" 200 -
2025-09-08 14:50:24,015 - Detected calculator (0.27) at [338,5,640,474]
2025-09-08 14:50:24,939 - Detected watch (0.25) at [22,1,358,470]
2025-09-08 14:50:25,052 - Detected watch (0.30) at [65,2,364,464]
2025-09-08 14:50:25,153 - Detected watch (0.31) at [103,9,374,478]
2025-09-08 14:50:25,259 - Detected watch (0.34) at [105,11,369,477]
2025-09-08 14:50:25,364 - Detected watch (0.36) at [118,19,360,476]
2025-09-08 14:50:25,464 - Detected watch (0.36) at [135,23,358,472]
2025-09-08 14:50:25,570 - Detected watch (0.39) at [136,24,359,470]
2025-09-08 14:50:25,674 - Detected watch (0.37) at [150,26,361,459]
2025-09-08 14:50:25,777 - Detected watch (0.35) at [132,27,362,459]
2025-09-08 14:50:25,880 - Detected watch (0.33) at [118,24,366,475]
2025-09-08 14:50:25,988 - Detected watch (0.39) at [88,21,363,462]
2025-09-08 14:50:26,097 - Detected watch (0.37) at [85,22,362,456]
2025-09-08 14:50:26,211 - Detected watch (0.35) at [77,22,362,453]
2025-09-08 14:50:26,321 - Detected watch (0.36) at [91,23,366,473]
2025-09-08 14:50:26,430 - Detected watch (0.38) at [120,23,365,470]
2025-09-08 14:50:26,542 - Detected watch (0.38) at [112,24,365,467]
2025-09-08 14:50:26,657 - Detected watch (0.36) at [126,25,367,466]
2025-09-08 14:50:26,770 - Detected watch (0.36) at [116,24,367,466]
2025-09-08 14:50:26,869 - Detected watch (0.34) at [69,24,365,432]
2025-09-08 14:50:26,977 - Detected watch (0.37) at [85,23,364,428]
2025-09-08 14:50:27,086 - Detected watch (0.34) at [91,24,365,426]
2025-09-08 14:50:27,188 - Detected watch (0.34) at [78,24,367,424]
2025-09-08 14:50:27,294 - Detected watch (0.33) at [80,25,367,434]
2025-09-08 14:50:27,402 - Detected watch (0.34) at [77,24,366,427]
2025-09-08 14:50:27,512 - Detected watch (0.33) at [86,24,369,469]
2025-09-08 14:50:27,512 - Detected calculator (0.30) at [114,31,363,438]
2025-09-08 14:50:27,618 - Detected watch (0.35) at [114,25,368,462]
2025-09-08 14:50:27,618 - Detected calculator (0.30) at [136,32,361,416]
2025-09-08 14:50:27,724 - Detected watch (0.35) at [123,26,368,462]
2025-09-08 14:50:27,831 - Detected watch (0.35) at [88,25,366,436]
2025-09-08 14:50:27,939 - Detected watch (0.38) at [83,25,367,445]
2025-09-08 14:50:28,047 - Detected watch (0.38) at [76,25,366,432]
2025-09-08 14:50:28,150 - Detected watch (0.39) at [72,24,368,428]
2025-09-08 14:50:28,254 - Detected watch (0.37) at [96,25,368,419]
2025-09-08 14:50:28,362 - Detected watch (0.37) at [104,26,368,426]
2025-09-08 14:50:28,471 - Detected watch (0.36) at [72,24,370,433]
2025-09-08 14:50:28,589 - Detected watch (0.37) at [84,25,369,425]
2025-09-08 14:50:28,701 - Detected watch (0.38) at [94,25,369,429]
2025-09-08 14:50:28,810 - Detected watch (0.36) at [85,23,371,405]
2025-09-08 14:50:28,810 - Detected calculator (0.25) at [90,32,365,375]
2025-09-08 14:50:28,921 - Detected watch (0.41) at [63,18,376,419]
2025-09-08 14:50:29,034 - Detected watch (0.48) at [94,13,379,386]
2025-09-08 14:50:29,137 - Detected watch (0.41) at [138,86,390,300]
2025-09-08 14:50:29,250 - Detected watch (0.33) at [158,89,385,270]
2025-09-08 14:50:29,352 - Detected watch (0.28) at [65,93,375,265]
2025-09-08 14:50:29,460 - Detected watch (0.30) at [42,30,386,303]
2025-09-08 14:50:29,573 - Detected calculator (0.43) at [70,108,388,288]
2025-09-08 14:50:29,573 - Detected calculator (0.41) at [32,59,390,309]
2025-09-08 14:50:29,686 - Detected calculator (0.66) at [35,67,382,298]
2025-09-08 14:50:29,687 - Detected calculator (0.56) at [61,108,376,283]
2025-09-08 14:50:29,797 - Detected calculator (0.69) at [85,117,372,283]
2025-09-08 14:50:29,910 - Detected calculator (0.66) at [54,100,376,289]
2025-09-08 14:50:30,019 - Detected calculator (0.63) at [78,117,372,285]
2025-09-08 14:50:30,127 - Detected calculator (0.59) at [41,109,372,293]
2025-09-08 14:50:30,238 - Detected calculator (0.60) at [71,104,370,299]
2025-09-08 14:50:30,350 - Detected calculator (0.67) at [55,109,371,304]
2025-09-08 14:50:30,458 - Detected calculator (0.66) at [78,108,371,301]
2025-09-08 14:50:30,570 - Detected calculator (0.65) at [42,110,373,314]
2025-09-08 14:50:30,687 - Detected calculator (0.69) at [36,108,371,314]
2025-09-08 14:50:30,687 - Detected calculator (0.49) at [22,39,377,330]
2025-09-08 14:50:30,797 - Detected calculator (0.65) at [46,111,373,315]
2025-09-08 14:50:30,902 - Detected calculator (0.66) at [30,108,378,328]
2025-09-08 14:50:30,903 - Detected calculator (0.29) at [22,30,383,343]
2025-09-08 14:50:31,009 - Detected calculator (0.69) at [27,95,380,334]
2025-09-08 14:50:31,009 - Detected calculator (0.56) at [61,128,372,316]
2025-09-08 14:50:31,009 - Detected calculator (0.45) at [20,12,384,351]
2025-09-08 14:50:31,121 - Detected calculator (0.70) at [20,110,376,326]
2025-09-08 14:50:31,121 - Detected calculator (0.40) at [15,18,382,345]
2025-09-08 14:50:31,256 - Detected calculator (0.75) at [10,103,374,329]
2025-09-08 14:50:31,256 - Detected calculator (0.40) at [10,6,380,349]
2025-09-08 14:50:31,369 - Detected calculator (0.65) at [6,104,371,340]
2025-09-08 14:50:31,480 - Detected calculator (0.66) at [7,108,368,333]
2025-09-08 14:50:31,594 - Detected calculator (0.72) at [5,103,366,337]
2025-09-08 14:50:31,710 - Detected calculator (0.68) at [4,111,367,347]
2025-09-08 14:50:31,861 - Detected calculator (0.70) at [5,108,365,342]
2025-09-08 14:50:32,010 - Detected calculator (0.71) at [5,110,367,343]
2025-09-08 14:50:32,133 - Detected calculator (0.74) at [7,112,371,350]
2025-09-08 14:50:32,238 - Detected calculator (0.74) at [5,113,371,350]
2025-09-08 14:50:32,339 - Detected calculator (0.73) at [4,98,368,350]
2025-09-08 14:50:32,441 - Detected calculator (0.74) at [4,96,367,349]
2025-09-08 14:50:32,546 - Detected calculator (0.68) at [4,106,357,339]
2025-09-08 14:50:32,657 - Detected calculator (0.65) at [6,102,361,335]
2025-09-08 14:50:32,657 - Detected calculator (0.26) at [7,4,366,349]
2025-09-08 14:50:32,761 - Detected calculator (0.62) at [11,16,365,339]
2025-09-08 14:50:32,761 - Detected calculator (0.51) at [37,101,361,330]
2025-09-08 14:50:32,864 - Detected calculator (0.59) at [2,91,365,332]
2025-09-08 14:50:32,864 - Detected calculator (0.32) at [4,2,370,361]
2025-09-08 14:50:32,966 - Detected calculator (0.66) at [23,35,365,329]
2025-09-08 14:50:32,967 - Detected calculator (0.54) at [73,104,361,323]
2025-09-08 14:50:33,087 - Detected calculator (0.66) at [5,97,366,334]
2025-09-08 14:50:33,087 - Detected calculator (0.33) at [6,4,371,360]
2025-09-08 14:50:38,095 - Detected watch (0.27) at [395,268,488,335]
2025-09-08 14:50:38,197 - Detected watch (0.25) at [394,267,486,336]
2025-09-08 14:50:38,628 - Detected watch (0.25) at [398,269,489,336]
2025-09-08 14:50:38,726 - Detected watch (0.26) at [400,268,489,334]
2025-09-08 14:50:39,643 - Detected watch (0.26) at [401,264,487,333]
2025-09-08 14:50:39,741 - Detected watch (0.27) at [400,264,488,333]
2025-09-08 14:50:39,856 - Detected watch (0.29) at [401,265,487,333]
2025-09-08 14:50:39,969 - Detected watch (0.28) at [401,265,486,332]
2025-09-08 14:50:40,069 - Detected watch (0.28) at [402,267,488,333]
2025-09-08 14:50:41,430 - Detected watch (0.26) at [423,281,512,348]
2025-09-08 14:50:41,549 - Detected watch (0.27) at [420,278,511,349]
2025-09-08 14:50:43,523 - Detected calculator (0.27) at [7,0,638,480]
2025-09-08 14:50:43,632 - Detected calculator (0.36) at [335,5,640,480]
2025-09-08 14:50:43,736 - Detected phone (0.39) at [0,0,358,469]
2025-09-08 14:50:43,736 - Detected calculator (0.39) at [332,3,640,479]
2025-09-08 14:50:43,848 - Detected phone (0.35) at [3,0,354,463]
2025-09-08 14:50:43,848 - Detected calculator (0.34) at [331,4,640,480]
2025-09-08 14:50:43,848 - Detected calculator (0.27) at [318,6,638,480]
2025-09-08 14:50:43,848 - Detected calculator (0.25) at [329,2,639,480]
2025-09-08 14:50:43,950 - Detected calculator (0.34) at [324,2,640,480]
2025-09-08 14:50:44,061 - Detected calculator (0.34) at [334,4,640,480]
2025-09-08 14:50:44,166 - Detected calculator (0.32) at [337,4,640,480]
2025-09-08 14:50:44,302 - Detected calculator (0.26) at [333,4,639,474]
2025-09-08 14:50:44,446 - Detected calculator (0.35) at [337,4,640,475]
2025-09-08 14:50:44,764 - Detected phone (0.28) at [339,3,637,415]
2025-09-08 14:50:46,078 - Detected watch (0.27) at [421,267,590,377]
2025-09-08 14:50:46,179 - Detected watch (0.27) at [426,265,586,372]
2025-09-08 14:50:47,053 - Detected watch (0.28) at [494,317,625,461]
2025-09-08 14:50:48,428 - Detected watch (0.25) at [423,272,576,375]
2025-09-08 14:50:48,649 - Detected watch (0.26) at [422,272,577,380]
2025-09-08 14:50:48,759 - Detected watch (0.27) at [422,271,575,373]
2025-09-08 14:50:48,868 - Detected watch (0.29) at [420,271,576,373]
2025-09-08 14:50:49,095 - Detected watch (0.26) at [432,272,576,373]
2025-09-08 14:50:49,330 - Detected watch (0.27) at [424,267,575,377]
2025-09-08 14:50:49,554 - Detected watch (0.28) at [434,268,576,373]
2025-09-08 14:50:49,665 - Detected watch (0.37) at [431,269,572,371]
2025-09-08 14:50:49,772 - Detected watch (0.34) at [433,267,569,370]
2025-09-08 14:50:49,880 - Detected watch (0.36) at [429,263,573,374]
2025-09-08 14:50:49,979 - Detected watch (0.28) at [423,258,571,376]
2025-09-08 14:50:50,095 - Detected watch (0.27) at [426,257,570,374]
2025-09-08 14:50:50,411 - Detected watch (0.26) at [417,259,562,369]
2025-09-08 14:50:51,603 - Detected watch (0.30) at [423,246,567,354]
2025-09-08 14:50:51,721 - Detected watch (0.27) at [429,246,566,354]
2025-09-08 14:50:52,803 - Detected watch (0.28) at [412,249,562,359]
2025-09-08 14:50:52,981 - Detected watch (0.29) at [414,249,565,359]
2025-09-08 14:50:53,093 - Detected watch (0.30) at [415,250,564,358]
2025-09-08 14:50:53,194 - Detected watch (0.27) at [417,251,566,358]
2025-09-08 14:50:53,392 - Detected watch (0.26) at [412,254,567,363]
2025-09-08 14:50:53,597 - Detected watch (0.31) at [430,268,578,369]
2025-09-08 14:50:53,699 - Detected watch (0.33) at [430,270,577,370]
2025-09-08 14:50:53,800 - Detected watch (0.32) at [423,271,580,372]
2025-09-08 14:50:53,904 - Detected watch (0.26) at [423,271,579,373]
2025-09-08 14:50:54,006 - Detected watch (0.25) at [425,271,577,374]
2025-09-08 14:50:54,205 - Detected watch (0.29) at [426,277,577,373]
2025-09-08 14:50:54,710 - Detected watch (0.26) at [422,284,577,379]
2025-09-08 14:50:54,917 - Detected watch (0.28) at [431,288,574,379]
2025-09-08 14:50:55,035 - Detected watch (0.25) at [431,290,574,379]
2025-09-08 14:50:55,136 - Detected watch (0.27) at [435,284,578,382]
2025-09-08 14:50:55,237 - Detected watch (0.28) at [432,285,575,380]
2025-09-08 14:51:22,473 - Detected calculator (0.36) at [337,4,640,472]
2025-09-08 14:51:22,579 - Detected calculator (0.31) at [329,4,640,473]
2025-09-08 14:51:22,699 - Detected calculator (0.28) at [333,3,640,473]
2025-09-08 14:51:22,930 - Detected calculator (0.26) at [335,3,640,475]
2025-09-08 14:51:23,052 - Detected calculator (0.30) at [339,3,640,472]
2025-09-08 14:51:23,163 - Detected calculator (0.37) at [340,4,640,468]
2025-09-08 14:51:23,290 - Detected calculator (0.42) at [340,4,640,469]
2025-09-08 14:51:24,837 - Detected watch (0.27) at [417,284,496,349]
2025-09-08 14:51:27,237 - Detected calculator (0.25) at [322,6,640,478]
2025-09-08 14:51:32,984 - Detected watch (0.27) at [8,0,637,480]
2025-09-08 14:51:33,129 - Detected watch (0.29) at [10,0,637,480]
2025-09-08 14:51:33,245 - Detected watch (0.26) at [9,0,637,480]
2025-09-08 14:51:33,359 - Detected watch (0.29) at [0,0,636,480]
2025-09-08 14:51:34,411 - Detected smart_watch (0.26) at [10,1,438,480]
2025-09-08 14:51:35,872 - Detected smart_watch (0.30) at [21,1,374,466]
2025-09-08 14:51:35,985 - Detected smart_watch (0.29) at [20,1,369,468]
2025-09-08 14:51:36,108 - Detected smart_watch (0.26) at [25,2,367,480]
2025-09-08 14:51:36,232 - Detected smart_watch (0.26) at [19,2,370,480]
2025-09-08 14:51:37,192 - Detected calculator (0.26) at [330,5,640,476]
2025-09-08 14:51:37,313 - Detected calculator (0.26) at [314,5,640,477]
2025-09-08 14:51:46,203 - Detected phone (0.37) at [345,3,640,478]
2025-09-08 14:51:46,329 - Detected phone (0.41) at [366,4,640,478]
2025-09-08 14:51:46,330 - Detected watch (0.28) at [307,282,385,355]
2025-09-08 14:51:46,450 - Detected phone (0.41) at [376,4,640,478]
2025-09-08 14:51:46,558 - Detected phone (0.38) at [371,4,640,479]
2025-09-08 14:51:46,684 - Detected phone (0.40) at [367,4,640,479]
2025-09-08 14:51:46,802 - Detected phone (0.30) at [355,4,640,479]
2025-09-08 14:51:46,929 - Detected phone (0.27) at [364,4,640,478]
2025-09-08 14:51:47,044 - Detected phone (0.40) at [360,7,640,480]
2025-09-08 14:51:47,158 - Detected phone (0.36) at [364,10,640,480]
2025-09-08 14:51:57,180 - Detected calculator (0.28) at [338,1,639,479]
2025-09-08 14:51:57,279 - Detected calculator (0.35) at [341,1,638,477]
2025-09-08 14:51:57,402 - Detected calculator (0.37) at [339,1,639,480]
2025-09-08 14:51:57,506 - Detected calculator (0.38) at [336,1,639,479]
2025-09-08 14:51:57,616 - Detected calculator (0.33) at [333,1,639,480]
2025-09-08 14:51:57,773 - Detected calculator (0.35) at [335,2,639,480]
2025-09-08 14:51:57,906 - Detected calculator (0.37) at [335,2,639,480]
2025-09-08 14:51:58,034 - Detected calculator (0.39) at [334,1,639,480]
2025-09-08 14:51:58,149 - Detected calculator (0.40) at [338,1,639,480]
2025-09-08 14:51:58,259 - Detected calculator (0.40) at [341,1,639,478]
2025-09-08 14:51:58,365 - Detected calculator (0.33) at [344,2,638,478]
2025-09-08 14:51:58,484 - Detected calculator (0.36) at [338,5,640,474]
2025-09-08 14:51:58,593 - Detected calculator (0.35) at [339,2,639,477]
2025-09-08 14:51:58,703 - Detected calculator (0.40) at [340,1,638,472]
2025-09-08 14:51:58,809 - Detected calculator (0.38) at [342,2,638,472]
2025-09-08 14:51:58,917 - Detected calculator (0.36) at [344,3,638,478]
2025-09-08 14:51:59,024 - Detected calculator (0.39) at [344,2,638,478]
2025-09-08 14:51:59,133 - Detected calculator (0.36) at [345,2,638,476]
2025-09-08 14:51:59,244 - Detected calculator (0.35) at [344,3,639,479]
2025-09-08 14:51:59,367 - Detected calculator (0.43) at [341,2,639,476]
2025-09-08 14:51:59,480 - Detected calculator (0.33) at [341,2,638,476]
2025-09-08 14:51:59,606 - Detected calculator (0.40) at [343,1,638,475]
2025-09-08 14:51:59,708 - Detected calculator (0.43) at [342,2,638,472]
2025-09-08 14:51:59,832 - Detected calculator (0.42) at [342,2,639,478]
2025-09-08 14:51:59,937 - Detected calculator (0.38) at [341,1,638,476]
2025-09-08 14:52:00,087 - Detected calculator (0.39) at [339,1,639,478]
2025-09-08 14:52:00,203 - Detected calculator (0.40) at [339,1,638,476]
2025-09-08 14:52:00,314 - Detected calculator (0.44) at [343,2,638,478]
2025-09-08 14:52:00,418 - Detected calculator (0.38) at [344,2,639,480]
2025-09-08 14:52:00,541 - Detected calculator (0.41) at [342,2,639,480]
2025-09-08 14:52:00,664 - Detected calculator (0.33) at [340,5,640,479]
2025-09-08 14:52:00,776 - Detected calculator (0.33) at [338,4,640,480]
2025-09-08 14:52:00,889 - Detected calculator (0.34) at [339,5,640,480]
2025-09-08 14:52:01,009 - Detected calculator (0.33) at [340,4,640,480]
2025-09-08 14:52:01,128 - Detected calculator (0.36) at [341,5,640,479]
2025-09-08 14:52:01,248 - Detected calculator (0.38) at [334,4,640,479]
2025-09-08 14:52:01,353 - Detected calculator (0.36) at [335,5,640,478]
2025-09-08 14:52:01,485 - Detected calculator (0.34) at [341,2,639,480]
2025-09-08 14:52:01,642 - Detected calculator (0.35) at [335,2,639,480]
2025-09-08 14:52:01,761 - Detected calculator (0.30) at [337,4,640,478]
2025-09-08 14:52:01,875 - Detected calculator (0.29) at [334,4,640,478]
2025-09-08 14:52:02,107 - Detected calculator (0.29) at [334,4,640,478]
2025-09-08 14:52:02,219 - Detected calculator (0.26) at [333,4,640,477]
2025-09-08 14:52:02,354 - Detected calculator (0.34) at [330,4,640,476]
2025-09-08 14:52:02,468 - Detected calculator (0.39) at [331,1,638,471]
2025-09-08 14:52:02,611 - Detected calculator (0.46) at [340,2,638,473]
2025-09-08 14:52:02,711 - Detected calculator (0.31) at [342,4,640,475]
2025-09-08 14:52:03,848 - Detected watch (0.30) at [332,284,419,350]
